<?xml version="1.0" encoding="UTF-8"?>
<!-- Generated by org.testng.reporters.JUnitXMLReporter -->
<testsuite ignored="0" hostname="hp830g6w11" failures="0" tests="25" name="TestMovieApp" time="63.803" errors="0" timestamp="2024-02-05T21:24:13 IST">
  <testcase classname="Movieapptest.LoginPage" name="checkToApplication" time="1.555"/>
  <testcase classname="Movieapptest.HeadSection" name="checkTheLogoElement" time="6.145"/>
  <testcase classname="Movieapptest.HomePage" name="headText" time="1.408"/>
  <testcase classname="Movieapptest.FuntionalityOfHeaderSection" name="checkTheHomeLink" time="3.468"/>
  <testcase classname="Movieapptest.PopularUi" name="popularClick" time="2.39"/>
  <testcase classname="Movieapptest.MovieDetailsPage" name="checkHomePage" time="2.527"/>
  <testcase classname="Movieapptest.SearchOperation" name="CheckSearchFunctionality" time="6.261"/>
  <testcase classname="Movieapptest.AccountPage" name="checkAccountPage" time="2.709"/>
  <testcase classname="Movieapptest.LoginPage" name="usernameLabel" time="0.304"/>
  <testcase classname="Movieapptest.FuntionalityOfHeaderSection" name="checkThePopularBtn" time="5.779"/>
  <testcase classname="Movieapptest.HeadSection" name="checkTheNavBars" time="4.917"/>
  <testcase classname="Movieapptest.MovieDetailsPage" name="checkPopularPage" time="4.61"/>
  <testcase classname="Movieapptest.LoginPage" name="passwordLabelTest" time="0.761"/>
  <testcase classname="Movieapptest.HomePage" name="checkMovLi" time="1.144"/>
  <testcase classname="Movieapptest.FuntionalityOfHeaderSection" name="testAccountPage" time="1.252"/>
  <testcase classname="Movieapptest.LoginPage" name="loginbtnVisible" time="0.114"/>
  <testcase classname="Movieapptest.HomePage" name="checkOrginalList" time="0.386"/>
  <testcase classname="Movieapptest.LoginPage" name="emptyFields" time="0.459"/>
  <testcase classname="Movieapptest.HomePage" name="visiblePlayBtn" time="0.782"/>
  <testcase classname="Movieapptest.LoginPage" name="emptyUserNamefeild" time="0.989"/>
  <testcase classname="Movieapptest.HomePage" name="moviesSectionChecking" time="0.636"/>
  <testcase classname="Movieapptest.LoginPage" name="emptyPassfeild" time="0.469"/>
  <testcase classname="Movieapptest.HomePage" name="testTheContactSection" time="0.55"/>
  <testcase classname="Movieapptest.LoginPage" name="invalidCredentials" time="0.601"/>
  <testcase classname="Movieapptest.LoginPage" name="validCredentials" time="0.597"/>
</testsuite> <!-- TestMovieApp -->
