<?xml version="1.0" encoding="UTF-8"?>
<testng-results ignored="0" total="25" passed="25" failed="0" skipped="0">
  <reporter-output>
  </reporter-output>
  <suite started-at="2024-02-05T21:23:09 IST" name="NxtTrendzTestSuite" finished-at="2024-02-05T21:24:13 IST" duration-ms="63803">
    <groups>
    </groups>
    <test started-at="2024-02-05T21:23:09 IST" name="TestMovieApp" finished-at="2024-02-05T21:24:13 IST" duration-ms="63803">
      <class name="Movieapptest.SearchOperation">
        <test-method is-config="true" signature="setup()[pri:0, instance:Movieapptest.SearchOperation@4ddced80]" started-at="2024-02-05T21:23:09 IST" name="setup" finished-at="2024-02-05T21:23:27 IST" duration-ms="17949" status="PASS">
          <reporter-output>
          </reporter-output>
        </test-method> <!-- setup -->
        <test-method signature="CheckSearchFunctionality()[pri:0, instance:Movieapptest.SearchOperation@4ddced80]" started-at="2024-02-05T21:23:27 IST" name="CheckSearchFunctionality" finished-at="2024-02-05T21:23:33 IST" duration-ms="6261" status="PASS">
          <reporter-output>
          </reporter-output>
        </test-method> <!-- CheckSearchFunctionality -->
        <test-method is-config="true" signature="setdown()[pri:0, instance:Movieapptest.SearchOperation@4ddced80]" started-at="2024-02-05T21:23:33 IST" name="setdown" finished-at="2024-02-05T21:23:40 IST" duration-ms="6186" status="PASS">
          <reporter-output>
          </reporter-output>
        </test-method> <!-- setdown -->
      </class> <!-- Movieapptest.SearchOperation -->
      <class name="Movieapptest.FuntionalityOfHeaderSection">
        <test-method is-config="true" signature="setup()[pri:0, instance:Movieapptest.FuntionalityOfHeaderSection@5c909414]" started-at="2024-02-05T21:23:09 IST" name="setup" finished-at="2024-02-05T21:23:26 IST" duration-ms="16941" status="PASS">
          <reporter-output>
          </reporter-output>
        </test-method> <!-- setup -->
        <test-method signature="checkTheHomeLink()[pri:1, instance:Movieapptest.FuntionalityOfHeaderSection@5c909414]" started-at="2024-02-05T21:23:26 IST" name="checkTheHomeLink" finished-at="2024-02-05T21:23:30 IST" duration-ms="3468" status="PASS">
          <reporter-output>
          </reporter-output>
        </test-method> <!-- checkTheHomeLink -->
        <test-method is-config="true" signature="teardown()[pri:0, instance:Movieapptest.FuntionalityOfHeaderSection@5c909414]" started-at="2024-02-05T21:23:30 IST" name="teardown" finished-at="2024-02-05T21:23:32 IST" duration-ms="2674" status="PASS">
          <reporter-output>
          </reporter-output>
        </test-method> <!-- teardown -->
        <test-method is-config="true" signature="setup()[pri:0, instance:Movieapptest.FuntionalityOfHeaderSection@5c909414]" started-at="2024-02-05T21:23:32 IST" name="setup" finished-at="2024-02-05T21:23:39 IST" duration-ms="7115" status="PASS">
          <reporter-output>
          </reporter-output>
        </test-method> <!-- setup -->
        <test-method signature="checkThePopularBtn()[pri:2, instance:Movieapptest.FuntionalityOfHeaderSection@5c909414]" started-at="2024-02-05T21:23:39 IST" name="checkThePopularBtn" finished-at="2024-02-05T21:23:45 IST" duration-ms="5779" status="PASS">
          <reporter-output>
          </reporter-output>
        </test-method> <!-- checkThePopularBtn -->
        <test-method is-config="true" signature="teardown()[pri:0, instance:Movieapptest.FuntionalityOfHeaderSection@5c909414]" started-at="2024-02-05T21:23:45 IST" name="teardown" finished-at="2024-02-05T21:23:47 IST" duration-ms="1637" status="PASS">
          <reporter-output>
          </reporter-output>
        </test-method> <!-- teardown -->
        <test-method is-config="true" signature="setup()[pri:0, instance:Movieapptest.FuntionalityOfHeaderSection@5c909414]" started-at="2024-02-05T21:23:47 IST" name="setup" finished-at="2024-02-05T21:23:52 IST" duration-ms="4932" status="PASS">
          <reporter-output>
          </reporter-output>
        </test-method> <!-- setup -->
        <test-method signature="testAccountPage()[pri:3, instance:Movieapptest.FuntionalityOfHeaderSection@5c909414]" started-at="2024-02-05T21:23:52 IST" name="testAccountPage" finished-at="2024-02-05T21:23:53 IST" duration-ms="1252" status="PASS">
          <reporter-output>
          </reporter-output>
        </test-method> <!-- testAccountPage -->
        <test-method is-config="true" signature="teardown()[pri:0, instance:Movieapptest.FuntionalityOfHeaderSection@5c909414]" started-at="2024-02-05T21:23:53 IST" name="teardown" finished-at="2024-02-05T21:23:53 IST" duration-ms="394" status="PASS">
          <reporter-output>
          </reporter-output>
        </test-method> <!-- teardown -->
      </class> <!-- Movieapptest.FuntionalityOfHeaderSection -->
      <class name="Movieapptest.AccountPage">
        <test-method is-config="true" signature="setup()[pri:0, instance:Movieapptest.AccountPage@1534f01b]" started-at="2024-02-05T21:23:09 IST" name="setup" finished-at="2024-02-05T21:23:32 IST" duration-ms="22644" status="PASS">
          <reporter-output>
          </reporter-output>
        </test-method> <!-- setup -->
        <test-method signature="checkAccountPage()[pri:1, instance:Movieapptest.AccountPage@1534f01b]" started-at="2024-02-05T21:23:32 IST" name="checkAccountPage" finished-at="2024-02-05T21:23:35 IST" duration-ms="2709" status="PASS">
          <reporter-output>
          </reporter-output>
        </test-method> <!-- checkAccountPage -->
        <test-method is-config="true" signature="teardown()[pri:0, instance:Movieapptest.AccountPage@1534f01b]" started-at="2024-02-05T21:23:35 IST" name="teardown" finished-at="2024-02-05T21:23:46 IST" duration-ms="11841" status="PASS">
          <reporter-output>
          </reporter-output>
        </test-method> <!-- teardown -->
      </class> <!-- Movieapptest.AccountPage -->
      <class name="Movieapptest.LoginPage">
        <test-method is-config="true" signature="setup()[pri:0, instance:Movieapptest.LoginPage@6ce139a4]" started-at="2024-02-05T21:23:09 IST" name="setup" finished-at="2024-02-05T21:23:25 IST" duration-ms="15378" status="PASS">
          <reporter-output>
          </reporter-output>
        </test-method> <!-- setup -->
        <test-method signature="checkToApplication()[pri:1, instance:Movieapptest.LoginPage@6ce139a4]" started-at="2024-02-05T21:23:25 IST" name="checkToApplication" finished-at="2024-02-05T21:23:26 IST" duration-ms="1555" status="PASS">
          <reporter-output>
          </reporter-output>
        </test-method> <!-- checkToApplication -->
        <test-method is-config="true" signature="teardown()[pri:0, instance:Movieapptest.LoginPage@6ce139a4]" started-at="2024-02-05T21:23:26 IST" name="teardown" finished-at="2024-02-05T21:23:33 IST" duration-ms="6878" status="PASS">
          <reporter-output>
          </reporter-output>
        </test-method> <!-- teardown -->
        <test-method is-config="true" signature="setup()[pri:0, instance:Movieapptest.LoginPage@6ce139a4]" started-at="2024-02-05T21:23:33 IST" name="setup" finished-at="2024-02-05T21:23:39 IST" duration-ms="6352" status="PASS">
          <reporter-output>
          </reporter-output>
        </test-method> <!-- setup -->
        <test-method signature="usernameLabel()[pri:2, instance:Movieapptest.LoginPage@6ce139a4]" started-at="2024-02-05T21:23:39 IST" name="usernameLabel" finished-at="2024-02-05T21:23:40 IST" duration-ms="304" status="PASS">
          <reporter-output>
          </reporter-output>
        </test-method> <!-- usernameLabel -->
        <test-method is-config="true" signature="teardown()[pri:0, instance:Movieapptest.LoginPage@6ce139a4]" started-at="2024-02-05T21:23:40 IST" name="teardown" finished-at="2024-02-05T21:23:41 IST" duration-ms="1535" status="PASS">
          <reporter-output>
          </reporter-output>
        </test-method> <!-- teardown -->
        <test-method is-config="true" signature="setup()[pri:0, instance:Movieapptest.LoginPage@6ce139a4]" started-at="2024-02-05T21:23:41 IST" name="setup" finished-at="2024-02-05T21:23:47 IST" duration-ms="6126" status="PASS">
          <reporter-output>
          </reporter-output>
        </test-method> <!-- setup -->
        <test-method signature="passwordLabelTest()[pri:3, instance:Movieapptest.LoginPage@6ce139a4]" started-at="2024-02-05T21:23:47 IST" name="passwordLabelTest" finished-at="2024-02-05T21:23:48 IST" duration-ms="761" status="PASS">
          <reporter-output>
          </reporter-output>
        </test-method> <!-- passwordLabelTest -->
        <test-method is-config="true" signature="teardown()[pri:0, instance:Movieapptest.LoginPage@6ce139a4]" started-at="2024-02-05T21:23:48 IST" name="teardown" finished-at="2024-02-05T21:23:49 IST" duration-ms="942" status="PASS">
          <reporter-output>
          </reporter-output>
        </test-method> <!-- teardown -->
        <test-method is-config="true" signature="setup()[pri:0, instance:Movieapptest.LoginPage@6ce139a4]" started-at="2024-02-05T21:23:49 IST" name="setup" finished-at="2024-02-05T21:23:53 IST" duration-ms="4326" status="PASS">
          <reporter-output>
          </reporter-output>
        </test-method> <!-- setup -->
        <test-method signature="loginbtnVisible()[pri:4, instance:Movieapptest.LoginPage@6ce139a4]" started-at="2024-02-05T21:23:53 IST" name="loginbtnVisible" finished-at="2024-02-05T21:23:53 IST" duration-ms="114" status="PASS">
          <reporter-output>
          </reporter-output>
        </test-method> <!-- loginbtnVisible -->
        <test-method is-config="true" signature="teardown()[pri:0, instance:Movieapptest.LoginPage@6ce139a4]" started-at="2024-02-05T21:23:53 IST" name="teardown" finished-at="2024-02-05T21:23:54 IST" duration-ms="292" status="PASS">
          <reporter-output>
          </reporter-output>
        </test-method> <!-- teardown -->
        <test-method is-config="true" signature="setup()[pri:0, instance:Movieapptest.LoginPage@6ce139a4]" started-at="2024-02-05T21:23:54 IST" name="setup" finished-at="2024-02-05T21:23:57 IST" duration-ms="2927" status="PASS">
          <reporter-output>
          </reporter-output>
        </test-method> <!-- setup -->
        <test-method signature="emptyFields()[pri:5, instance:Movieapptest.LoginPage@6ce139a4]" started-at="2024-02-05T21:23:57 IST" name="emptyFields" finished-at="2024-02-05T21:23:57 IST" duration-ms="459" status="PASS">
          <reporter-output>
          </reporter-output>
        </test-method> <!-- emptyFields -->
        <test-method is-config="true" signature="teardown()[pri:0, instance:Movieapptest.LoginPage@6ce139a4]" started-at="2024-02-05T21:23:57 IST" name="teardown" finished-at="2024-02-05T21:23:57 IST" duration-ms="268" status="PASS">
          <reporter-output>
          </reporter-output>
        </test-method> <!-- teardown -->
        <test-method is-config="true" signature="setup()[pri:0, instance:Movieapptest.LoginPage@6ce139a4]" started-at="2024-02-05T21:23:57 IST" name="setup" finished-at="2024-02-05T21:24:00 IST" duration-ms="2818" status="PASS">
          <reporter-output>
          </reporter-output>
        </test-method> <!-- setup -->
        <test-method signature="emptyUserNamefeild()[pri:6, instance:Movieapptest.LoginPage@6ce139a4]" started-at="2024-02-05T21:24:00 IST" name="emptyUserNamefeild" finished-at="2024-02-05T21:24:01 IST" duration-ms="989" status="PASS">
          <reporter-output>
          </reporter-output>
        </test-method> <!-- emptyUserNamefeild -->
        <test-method is-config="true" signature="teardown()[pri:0, instance:Movieapptest.LoginPage@6ce139a4]" started-at="2024-02-05T21:24:01 IST" name="teardown" finished-at="2024-02-05T21:24:02 IST" duration-ms="499" status="PASS">
          <reporter-output>
          </reporter-output>
        </test-method> <!-- teardown -->
        <test-method is-config="true" signature="setup()[pri:0, instance:Movieapptest.LoginPage@6ce139a4]" started-at="2024-02-05T21:24:02 IST" name="setup" finished-at="2024-02-05T21:24:05 IST" duration-ms="2846" status="PASS">
          <reporter-output>
          </reporter-output>
        </test-method> <!-- setup -->
        <test-method signature="emptyPassfeild()[pri:7, instance:Movieapptest.LoginPage@6ce139a4]" started-at="2024-02-05T21:24:05 IST" name="emptyPassfeild" finished-at="2024-02-05T21:24:05 IST" duration-ms="469" status="PASS">
          <reporter-output>
          </reporter-output>
        </test-method> <!-- emptyPassfeild -->
        <test-method is-config="true" signature="teardown()[pri:0, instance:Movieapptest.LoginPage@6ce139a4]" started-at="2024-02-05T21:24:05 IST" name="teardown" finished-at="2024-02-05T21:24:06 IST" duration-ms="971" status="PASS">
          <reporter-output>
          </reporter-output>
        </test-method> <!-- teardown -->
        <test-method is-config="true" signature="setup()[pri:0, instance:Movieapptest.LoginPage@6ce139a4]" started-at="2024-02-05T21:24:06 IST" name="setup" finished-at="2024-02-05T21:24:09 IST" duration-ms="2611" status="PASS">
          <reporter-output>
          </reporter-output>
        </test-method> <!-- setup -->
        <test-method signature="invalidCredentials()[pri:8, instance:Movieapptest.LoginPage@6ce139a4]" started-at="2024-02-05T21:24:09 IST" name="invalidCredentials" finished-at="2024-02-05T21:24:09 IST" duration-ms="601" status="PASS">
          <reporter-output>
          </reporter-output>
        </test-method> <!-- invalidCredentials -->
        <test-method is-config="true" signature="teardown()[pri:0, instance:Movieapptest.LoginPage@6ce139a4]" started-at="2024-02-05T21:24:09 IST" name="teardown" finished-at="2024-02-05T21:24:09 IST" duration-ms="221" status="PASS">
          <reporter-output>
          </reporter-output>
        </test-method> <!-- teardown -->
        <test-method is-config="true" signature="setup()[pri:0, instance:Movieapptest.LoginPage@6ce139a4]" started-at="2024-02-05T21:24:09 IST" name="setup" finished-at="2024-02-05T21:24:12 IST" duration-ms="2523" status="PASS">
          <reporter-output>
          </reporter-output>
        </test-method> <!-- setup -->
        <test-method signature="validCredentials()[pri:9, instance:Movieapptest.LoginPage@6ce139a4]" started-at="2024-02-05T21:24:12 IST" name="validCredentials" finished-at="2024-02-05T21:24:13 IST" duration-ms="597" status="PASS">
          <reporter-output>
          </reporter-output>
        </test-method> <!-- validCredentials -->
        <test-method is-config="true" signature="teardown()[pri:0, instance:Movieapptest.LoginPage@6ce139a4]" started-at="2024-02-05T21:24:13 IST" name="teardown" finished-at="2024-02-05T21:24:13 IST" duration-ms="283" status="PASS">
          <reporter-output>
          </reporter-output>
        </test-method> <!-- teardown -->
      </class> <!-- Movieapptest.LoginPage -->
      <class name="Movieapptest.HomePage">
        <test-method is-config="true" signature="setup()[pri:0, instance:Movieapptest.HomePage@5cee5251]" started-at="2024-02-05T21:23:09 IST" name="setup" finished-at="2024-02-05T21:23:28 IST" duration-ms="18773" status="PASS">
          <reporter-output>
          </reporter-output>
        </test-method> <!-- setup -->
        <test-method signature="headText()[pri:2, instance:Movieapptest.HomePage@5cee5251]" started-at="2024-02-05T21:23:28 IST" name="headText" finished-at="2024-02-05T21:23:29 IST" duration-ms="1408" status="PASS">
          <reporter-output>
          </reporter-output>
        </test-method> <!-- headText -->
        <test-method is-config="true" signature="teardown()[pri:0, instance:Movieapptest.HomePage@5cee5251]" started-at="2024-02-05T21:23:29 IST" name="teardown" finished-at="2024-02-05T21:23:41 IST" duration-ms="11400" status="PASS">
          <reporter-output>
          </reporter-output>
        </test-method> <!-- teardown -->
        <test-method is-config="true" signature="setup()[pri:0, instance:Movieapptest.HomePage@5cee5251]" started-at="2024-02-05T21:23:41 IST" name="setup" finished-at="2024-02-05T21:23:47 IST" duration-ms="6474" status="PASS">
          <reporter-output>
          </reporter-output>
        </test-method> <!-- setup -->
        <test-method signature="checkMovLi()[pri:3, instance:Movieapptest.HomePage@5cee5251]" started-at="2024-02-05T21:23:47 IST" name="checkMovLi" finished-at="2024-02-05T21:23:48 IST" duration-ms="1144" status="PASS">
          <reporter-output>
          </reporter-output>
        </test-method> <!-- checkMovLi -->
        <test-method is-config="true" signature="teardown()[pri:0, instance:Movieapptest.HomePage@5cee5251]" started-at="2024-02-05T21:23:48 IST" name="teardown" finished-at="2024-02-05T21:23:49 IST" duration-ms="673" status="PASS">
          <reporter-output>
          </reporter-output>
        </test-method> <!-- teardown -->
        <test-method is-config="true" signature="setup()[pri:0, instance:Movieapptest.HomePage@5cee5251]" started-at="2024-02-05T21:23:49 IST" name="setup" finished-at="2024-02-05T21:23:54 IST" duration-ms="4672" status="PASS">
          <reporter-output>
          </reporter-output>
        </test-method> <!-- setup -->
        <test-method signature="checkOrginalList()[pri:4, instance:Movieapptest.HomePage@5cee5251]" started-at="2024-02-05T21:23:54 IST" name="checkOrginalList" finished-at="2024-02-05T21:23:54 IST" duration-ms="386" status="PASS">
          <reporter-output>
          </reporter-output>
        </test-method> <!-- checkOrginalList -->
        <test-method is-config="true" signature="teardown()[pri:0, instance:Movieapptest.HomePage@5cee5251]" started-at="2024-02-05T21:23:54 IST" name="teardown" finished-at="2024-02-05T21:23:55 IST" duration-ms="778" status="PASS">
          <reporter-output>
          </reporter-output>
        </test-method> <!-- teardown -->
        <test-method is-config="true" signature="setup()[pri:0, instance:Movieapptest.HomePage@5cee5251]" started-at="2024-02-05T21:23:55 IST" name="setup" finished-at="2024-02-05T21:23:59 IST" duration-ms="4267" status="PASS">
          <reporter-output>
          </reporter-output>
        </test-method> <!-- setup -->
        <test-method signature="visiblePlayBtn()[pri:5, instance:Movieapptest.HomePage@5cee5251]" started-at="2024-02-05T21:23:59 IST" name="visiblePlayBtn" finished-at="2024-02-05T21:24:00 IST" duration-ms="782" status="PASS">
          <reporter-output>
          </reporter-output>
        </test-method> <!-- visiblePlayBtn -->
        <test-method is-config="true" signature="teardown()[pri:0, instance:Movieapptest.HomePage@5cee5251]" started-at="2024-02-05T21:24:00 IST" name="teardown" finished-at="2024-02-05T21:24:00 IST" duration-ms="190" status="PASS">
          <reporter-output>
          </reporter-output>
        </test-method> <!-- teardown -->
        <test-method is-config="true" signature="setup()[pri:0, instance:Movieapptest.HomePage@5cee5251]" started-at="2024-02-05T21:24:00 IST" name="setup" finished-at="2024-02-05T21:24:04 IST" duration-ms="3497" status="PASS">
          <reporter-output>
          </reporter-output>
        </test-method> <!-- setup -->
        <test-method signature="moviesSectionChecking()[pri:6, instance:Movieapptest.HomePage@5cee5251]" started-at="2024-02-05T21:24:04 IST" name="moviesSectionChecking" finished-at="2024-02-05T21:24:04 IST" duration-ms="636" status="PASS">
          <reporter-output>
          </reporter-output>
        </test-method> <!-- moviesSectionChecking -->
        <test-method is-config="true" signature="teardown()[pri:0, instance:Movieapptest.HomePage@5cee5251]" started-at="2024-02-05T21:24:04 IST" name="teardown" finished-at="2024-02-05T21:24:04 IST" duration-ms="213" status="PASS">
          <reporter-output>
          </reporter-output>
        </test-method> <!-- teardown -->
        <test-method is-config="true" signature="setup()[pri:0, instance:Movieapptest.HomePage@5cee5251]" started-at="2024-02-05T21:24:04 IST" name="setup" finished-at="2024-02-05T21:24:08 IST" duration-ms="3497" status="PASS">
          <reporter-output>
          </reporter-output>
        </test-method> <!-- setup -->
        <test-method signature="testTheContactSection()[pri:7, instance:Movieapptest.HomePage@5cee5251]" started-at="2024-02-05T21:24:08 IST" name="testTheContactSection" finished-at="2024-02-05T21:24:09 IST" duration-ms="550" status="PASS">
          <reporter-output>
          </reporter-output>
        </test-method> <!-- testTheContactSection -->
        <test-method is-config="true" signature="teardown()[pri:0, instance:Movieapptest.HomePage@5cee5251]" started-at="2024-02-05T21:24:09 IST" name="teardown" finished-at="2024-02-05T21:24:09 IST" duration-ms="269" status="PASS">
          <reporter-output>
          </reporter-output>
        </test-method> <!-- teardown -->
      </class> <!-- Movieapptest.HomePage -->
      <class name="Movieapptest.MovieDetailsPage">
        <test-method is-config="true" signature="setup()[pri:0, instance:Movieapptest.MovieDetailsPage@65466a6a]" started-at="2024-02-05T21:23:09 IST" name="setup" finished-at="2024-02-05T21:23:29 IST" duration-ms="20135" status="PASS">
          <reporter-output>
          </reporter-output>
        </test-method> <!-- setup -->
        <test-method signature="checkHomePage()[pri:1, instance:Movieapptest.MovieDetailsPage@65466a6a]" started-at="2024-02-05T21:23:29 IST" name="checkHomePage" finished-at="2024-02-05T21:23:32 IST" duration-ms="2527" status="PASS">
          <reporter-output>
          </reporter-output>
        </test-method> <!-- checkHomePage -->
        <test-method is-config="true" signature="teardown()[pri:0, instance:Movieapptest.MovieDetailsPage@65466a6a]" started-at="2024-02-05T21:23:32 IST" name="teardown" finished-at="2024-02-05T21:23:34 IST" duration-ms="1942" status="PASS">
          <reporter-output>
          </reporter-output>
        </test-method> <!-- teardown -->
        <test-method is-config="true" signature="setup()[pri:0, instance:Movieapptest.MovieDetailsPage@65466a6a]" started-at="2024-02-05T21:23:34 IST" name="setup" finished-at="2024-02-05T21:23:41 IST" duration-ms="7446" status="PASS">
          <reporter-output>
          </reporter-output>
        </test-method> <!-- setup -->
        <test-method signature="checkPopularPage()[pri:2, instance:Movieapptest.MovieDetailsPage@65466a6a]" started-at="2024-02-05T21:23:41 IST" name="checkPopularPage" finished-at="2024-02-05T21:23:46 IST" duration-ms="4610" status="PASS">
          <reporter-output>
          </reporter-output>
        </test-method> <!-- checkPopularPage -->
        <test-method is-config="true" signature="teardown()[pri:0, instance:Movieapptest.MovieDetailsPage@65466a6a]" started-at="2024-02-05T21:23:46 IST" name="teardown" finished-at="2024-02-05T21:23:47 IST" duration-ms="1371" status="PASS">
          <reporter-output>
          </reporter-output>
        </test-method> <!-- teardown -->
      </class> <!-- Movieapptest.MovieDetailsPage -->
      <class name="Movieapptest.PopularUi">
        <test-method is-config="true" signature="setup()[pri:0, instance:Movieapptest.PopularUi@4b14c583]" started-at="2024-02-05T21:23:09 IST" name="setup" finished-at="2024-02-05T21:23:29 IST" duration-ms="19529" status="PASS">
          <reporter-output>
          </reporter-output>
        </test-method> <!-- setup -->
        <test-method signature="popularClick()[pri:1, instance:Movieapptest.PopularUi@4b14c583]" started-at="2024-02-05T21:23:29 IST" name="popularClick" finished-at="2024-02-05T21:23:31 IST" duration-ms="2390" status="PASS">
          <reporter-output>
          </reporter-output>
        </test-method> <!-- popularClick -->
        <test-method is-config="true" signature="teardown()[pri:0, instance:Movieapptest.PopularUi@4b14c583]" started-at="2024-02-05T21:23:31 IST" name="teardown" finished-at="2024-02-05T21:23:33 IST" duration-ms="2249" status="PASS">
          <reporter-output>
          </reporter-output>
        </test-method> <!-- teardown -->
      </class> <!-- Movieapptest.PopularUi -->
      <class name="Movieapptest.HeadSection">
        <test-method is-config="true" signature="setUp()[pri:0, instance:Movieapptest.HeadSection@433d61fb]" started-at="2024-02-05T21:23:09 IST" name="setUp" finished-at="2024-02-05T21:23:22 IST" duration-ms="13169" status="PASS">
          <reporter-output>
          </reporter-output>
        </test-method> <!-- setUp -->
        <test-method signature="checkTheLogoElement()[pri:1, instance:Movieapptest.HeadSection@433d61fb]" started-at="2024-02-05T21:23:22 IST" name="checkTheLogoElement" finished-at="2024-02-05T21:23:29 IST" duration-ms="6145" status="PASS">
          <reporter-output>
          </reporter-output>
        </test-method> <!-- checkTheLogoElement -->
        <test-method is-config="true" signature="tearDown()[pri:0, instance:Movieapptest.HeadSection@433d61fb]" started-at="2024-02-05T21:23:29 IST" name="tearDown" finished-at="2024-02-05T21:23:34 IST" duration-ms="5389" status="PASS">
          <reporter-output>
          </reporter-output>
        </test-method> <!-- tearDown -->
        <test-method is-config="true" signature="setUp()[pri:0, instance:Movieapptest.HeadSection@433d61fb]" started-at="2024-02-05T21:23:34 IST" name="setUp" finished-at="2024-02-05T21:23:41 IST" duration-ms="6976" status="PASS">
          <reporter-output>
          </reporter-output>
        </test-method> <!-- setUp -->
        <test-method signature="checkTheNavBars()[pri:2, instance:Movieapptest.HeadSection@433d61fb]" started-at="2024-02-05T21:23:41 IST" name="checkTheNavBars" finished-at="2024-02-05T21:23:46 IST" duration-ms="4917" status="PASS">
          <reporter-output>
          </reporter-output>
        </test-method> <!-- checkTheNavBars -->
        <test-method is-config="true" signature="tearDown()[pri:0, instance:Movieapptest.HeadSection@433d61fb]" started-at="2024-02-05T21:23:46 IST" name="tearDown" finished-at="2024-02-05T21:23:47 IST" duration-ms="1433" status="PASS">
          <reporter-output>
          </reporter-output>
        </test-method> <!-- tearDown -->
      </class> <!-- Movieapptest.HeadSection -->
    </test> <!-- TestMovieApp -->
  </suite> <!-- NxtTrendzTestSuite -->
</testng-results>
